<?xml version="1.0" encoding="UTF-8"?>
<!-- Generated by org.testng.reporters.JUnitReportReporter -->
<testsuite hostname="LIN-5CG3051P6R" failures="0" tests="2" name="Grouping.PaymentTests" time="0.002" errors="0" timestamp="2024-08-17T19:19:57 IST" skipped="0">
  <testcase classname="Grouping.PaymentTests" name="paymentinRupees" time="0.001"/>
  <system-out/>
  <testcase classname="Grouping.PaymentTests" name="paymentinDollars" time="0.001"/>
  <system-out/>
</testsuite> <!-- Grouping.PaymentTests -->
