<?xml version="1.0" encoding="UTF-8"?>
<!-- Generated by org.testng.reporters.JUnitReportReporter -->
<testsuite hostname="LIN-5CG3051P6R" failures="0" tests="5" name="TestNG.DependencyMethods" time="0.011" errors="0" timestamp="2024-08-17T17:11:49 IST" skipped="0">
  <testcase classname="TestNG.DependencyMethods" name="openApp" time="0.008"/>
  <system-out/>
  <testcase classname="TestNG.DependencyMethods" name="login" time="0.001"/>
  <system-out/>
  <testcase classname="TestNG.DependencyMethods" name="search" time="0.001"/>
  <system-out/>
  <testcase classname="TestNG.DependencyMethods" name="advSearch" time="0.000"/>
  <system-out/>
  <testcase classname="TestNG.DependencyMethods" name="logout" time="0.001"/>
  <system-out/>
</testsuite> <!-- TestNG.DependencyMethods -->
