<?xml version="1.0" encoding="UTF-8"?>
<!-- Generated by org.testng.reporters.JUnitReportReporter -->
<testsuite hostname="LIN-5CG3051P6R" failures="0" tests="3" name="Grouping.SignupTests" time="0.010" errors="0" timestamp="2024-08-17T19:19:57 IST" skipped="0">
  <testcase classname="Grouping.SignupTests" name="signupByEmail" time="0.009"/>
  <system-out/>
  <testcase classname="Grouping.SignupTests" name="signupByFacebook" time="0.001"/>
  <system-out/>
  <testcase classname="Grouping.SignupTests" name="signupByTwitter" time="0.000"/>
  <system-out/>
</testsuite> <!-- Grouping.SignupTests -->
