<?xml version="1.0" encoding="UTF-8"?>
<!-- Generated by org.testng.reporters.JUnitReportReporter -->
<testsuite hostname="LIN-5CG3051P6R" failures="0" tests="1" name="PageObjectModel.LoginTest" time="2.229" errors="0" timestamp="2024-08-20T16:37:53 IST" skipped="0">
  <testcase classname="PageObjectModel.LoginTest" name="testLogin" time="2.229"/>
  <system-out/>
</testsuite> <!-- PageObjectModel.LoginTest -->
