<?xml version="1.0" encoding="UTF-8"?>
<!-- Generated by org.testng.reporters.JUnitReportReporter -->
<testsuite hostname="LIN-5CG3051P6R" failures="0" tests="4" name="TestNG.OrangeHRMTest" time="16.489" errors="0" timestamp="2024-08-17T13:24:11 IST" skipped="0">
  <testcase classname="TestNG.OrangeHRMTest" name="openapp" time="11.174"/>
  <system-out/>
  <testcase classname="TestNG.OrangeHRMTest" name="testLogo" time="3.033"/>
  <system-out/>
  <testcase classname="TestNG.OrangeHRMTest" name="testLogin" time="2.049"/>
  <system-out/>
  <testcase classname="TestNG.OrangeHRMTest" name="closeApp" time="0.233"/>
  <system-out/>
</testsuite> <!-- TestNG.OrangeHRMTest -->
