<?xml version="1.0" encoding="UTF-8"?>
<!-- Generated by org.testng.reporters.JUnitReportReporter -->
<testsuite hostname="LIN-5CG3051P6R" failures="0" tests="3" name="Grouping.LoginTests" time="0.012" errors="0" timestamp="2024-08-17T19:18:51 IST" skipped="0">
  <testcase classname="Grouping.LoginTests" name="LoginByEmail" time="0.011"/>
  <system-out/>
  <testcase classname="Grouping.LoginTests" name="LoginByFacebook" time="0.000"/>
  <system-out/>
  <testcase classname="Grouping.LoginTests" name="LoginByTwitter" time="0.001"/>
  <system-out/>
</testsuite> <!-- Grouping.LoginTests -->
