<?xml version="1.0" encoding="UTF-8"?>
<!-- Generated by org.testng.reporters.JUnitReportReporter -->
<testsuite hostname="LIN-5CG3051P6R" failures="0" tests="3" name="TestNG.FirstTestCase" time="0.007" errors="0" timestamp="2024-08-17T12:44:53 IST" skipped="0">
  <testcase classname="TestNG.FirstTestCase" name="logout" time="0.007"/>
  <system-out/>
  <testcase classname="TestNG.FirstTestCase" name="open" time="0.000"/>
  <system-out/>
  <testcase classname="TestNG.FirstTestCase" name="login" time="0.000"/>
  <system-out/>
</testsuite> <!-- TestNG.FirstTestCase -->
